#-----------------------------------------------------------
# xsim v2024.2 (64-bit)
# SW Build 5239630 on Fri Nov 08 22:34:34 MST 2024
# IP Build 5239520 on Sun Nov 10 16:12:51 MST 2024
# SharedData Build 5239561 on Fri Nov 08 14:39:27 MST 2024
# Start of session at: Wed Apr  8 15:22:12 2026
# Process ID         : 1245712
# Current directory  : /home_cds/std012/SoC_design_2026_1/SoC_Design_2026_1/Source_code/session4/2_encoder
# Command line       : xsim -source {xsim.dir/tb_interrupt_controller/xsim_script.tcl}
# Log file           : /home_cds/std012/SoC_design_2026_1/SoC_Design_2026_1/Source_code/session4/2_encoder/xsim.log
# Journal file       : /home_cds/std012/SoC_design_2026_1/SoC_Design_2026_1/Source_code/session4/2_encoder/xsim.jou
# Running On         : ky-cds-semi
# Platform           : RedHatEnterprise
# Operating System   : Red Hat Enterprise Linux release 8.1 (Ootpa)
# Processor Detail   : Intel(R) Xeon(R) Silver 4316 CPU @ 2.30GHz
# CPU Frequency      : 2800.186 MHz
# CPU Physical cores : 40
# CPU Logical cores  : 80
# Host memory        : 540214 MB
# Swap memory        : 34359 MB
# Total Virtual      : 574573 MB
# Available Virtual  : 373800 MB
#-----------------------------------------------------------
start_gui
source xsim.dir/tb_interrupt_controller/xsim_script.tcl
# set_param project.enableReportConfiguration 0
# load_feature core
# current_fileset
WARNING: [Board 49-26] cannot add Board Part xilinx.com:vck190:part0:2.2 available at /tools/Xilinx/Vivado/2024.2/data/xhub/boards/XilinxBoardStore/boards/Xilinx/vck190/production/2.2/board.xml as part xcvc1902-vsva2197-2mp-e-s specified in board_part file is either invalid or not available
WARNING: [Board 49-26] cannot add Board Part xilinx.com:vck190:part0:3.0 available at /tools/Xilinx/Vivado/2024.2/data/xhub/boards/XilinxBoardStore/boards/Xilinx/vck190/production/3.0/board.xml as part xcvc1902-vsva2197-2mp-e-s specified in board_part file is either invalid or not available
WARNING: [Board 49-26] cannot add Board Part xilinx.com:vck190:part0:3.1 available at /tools/Xilinx/Vivado/2024.2/data/xhub/boards/XilinxBoardStore/boards/Xilinx/vck190/production/3.1/board.xml as part xcvc1902-vsva2197-2mp-e-s specified in board_part file is either invalid or not available
WARNING: [Board 49-26] cannot add Board Part xilinx.com:vck190:part0:3.2 available at /tools/Xilinx/Vivado/2024.2/data/xhub/boards/XilinxBoardStore/boards/Xilinx/vck190/production/3.2/board.xml as part xcvc1902-vsva2197-2mp-e-s specified in board_part file is either invalid or not available
WARNING: [Board 49-26] cannot add Board Part xilinx.com:vck190:part0:3.3 available at /tools/Xilinx/Vivado/2024.2/data/xhub/boards/XilinxBoardStore/boards/Xilinx/vck190/production/3.3/board.xml as part xcvc1902-vsva2197-2mp-e-s specified in board_part file is either invalid or not available
WARNING: [Board 49-26] cannot add Board Part xilinx.com:vck190_newl:part0:1.0 available at /tools/Xilinx/Vivado/2024.2/data/xhub/boards/XilinxBoardStore/boards/Xilinx/vck190_newl/production/1.0/board.xml as part xcvc1902-vsva2197-2mp-e-s specified in board_part file is either invalid or not available
WARNING: [Board 49-26] cannot add Board Part xilinx.com:vck190_newl:part0:1.1 available at /tools/Xilinx/Vivado/2024.2/data/xhub/boards/XilinxBoardStore/boards/Xilinx/vck190_newl/production/1.1/board.xml as part xcvc1902-vsva2197-2mp-e-s specified in board_part file is either invalid or not available
WARNING: [Board 49-26] cannot add Board Part xilinx.com:vck190_newl:part0:1.2 available at /tools/Xilinx/Vivado/2024.2/data/xhub/boards/XilinxBoardStore/boards/Xilinx/vck190_newl/production/1.2/board.xml as part xcvc1902-vsva2197-2mp-e-s specified in board_part file is either invalid or not available
WARNING: [Board 49-26] cannot add Board Part xilinx.com:vmk180:part0:2.2 available at /tools/Xilinx/Vivado/2024.2/data/xhub/boards/XilinxBoardStore/boards/Xilinx/vmk180/production/2.2/board.xml as part xcvm1802-vsva2197-2mp-e-s specified in board_part file is either invalid or not available
WARNING: [Board 49-26] cannot add Board Part xilinx.com:vmk180:part0:3.0 available at /tools/Xilinx/Vivado/2024.2/data/xhub/boards/XilinxBoardStore/boards/Xilinx/vmk180/production/3.0/board.xml as part xcvm1802-vsva2197-2mp-e-s specified in board_part file is either invalid or not available
WARNING: [Board 49-26] cannot add Board Part xilinx.com:vmk180:part0:3.1 available at /tools/Xilinx/Vivado/2024.2/data/xhub/boards/XilinxBoardStore/boards/Xilinx/vmk180/production/3.1/board.xml as part xcvm1802-vsva2197-2mp-e-s specified in board_part file is either invalid or not available
WARNING: [Board 49-26] cannot add Board Part xilinx.com:vmk180:part0:3.2 available at /tools/Xilinx/Vivado/2024.2/data/xhub/boards/XilinxBoardStore/boards/Xilinx/vmk180/production/3.2/board.xml as part xcvm1802-vsva2197-2mp-e-s specified in board_part file is either invalid or not available
WARNING: [Board 49-26] cannot add Board Part xilinx.com:vmk180_newl:part0:1.0 available at /tools/Xilinx/Vivado/2024.2/data/xhub/boards/XilinxBoardStore/boards/Xilinx/vmk180_newl/production/1.0/board.xml as part xcvm1802-vsva2197-2mp-e-s specified in board_part file is either invalid or not available
WARNING: [Board 49-26] cannot add Board Part xilinx.com:vmk180_newl:part0:1.1 available at /tools/Xilinx/Vivado/2024.2/data/xhub/boards/XilinxBoardStore/boards/Xilinx/vmk180_newl/production/1.1/board.xml as part xcvm1802-vsva2197-2mp-e-s specified in board_part file is either invalid or not available
WARNING: [Board 49-26] cannot add Board Part xilinx.com:vpk120:part0:1.0 available at /tools/Xilinx/Vivado/2024.2/data/xhub/boards/XilinxBoardStore/boards/Xilinx/vpk120/production/1.0/board.xml as part xcvp1202-vsva2785-2mp-e-s specified in board_part file is either invalid or not available
WARNING: [Board 49-26] cannot add Board Part xilinx.com:vpk120:part0:1.1 available at /tools/Xilinx/Vivado/2024.2/data/xhub/boards/XilinxBoardStore/boards/Xilinx/vpk120/production/1.1/board.xml as part xcvp1202-vsva2785-2mp-e-s specified in board_part file is either invalid or not available
WARNING: [Board 49-26] cannot add Board Part xilinx.com:vpk120:part0:1.2 available at /tools/Xilinx/Vivado/2024.2/data/xhub/boards/XilinxBoardStore/boards/Xilinx/vpk120/production/1.2/board.xml as part xcvp1202-vsva2785-2mp-e-s specified in board_part file is either invalid or not available
INFO: [IP_Flow 19-234] Refreshing IP repositories
INFO: [IP_Flow 19-1704] No user IP repositories specified
INFO: [IP_Flow 19-2313] Loaded Vivado IP repository '/tools/Xilinx/Vivado/2024.2/data/ip'.
current_fileset: Time (s): cpu = 00:00:12 ; elapsed = 00:00:07 . Memory (MB): peak = 10868.445 ; gain = 296.094 ; free physical = 302589 ; free virtual = 355621
# xsim {tb_interrupt_controller} -wdb {sim.wdb} -autoloadwcfg
Time resolution is 1 ps
add_wave {{/tb_interrupt_controller/Int}} {{/tb_interrupt_controller/IntAck}} {{/tb_interrupt_controller/IntID}} {{/tb_interrupt_controller/IntReq}} 
run all
Time=0 | Int=00000000 | IntAck=0 | IntID=000 | IntReq=0
Time=10000 | Int=00000001 | IntAck=0 | IntID=000 | IntReq=1
Time=20000 | Int=00100000 | IntAck=0 | IntID=101 | IntReq=1
Time=30000 | Int=10000000 | IntAck=0 | IntID=111 | IntReq=1
Time=40000 | Int=10000000 | IntAck=1 | IntID=000 | IntReq=0
Time=50000 | Int=10000000 | IntAck=0 | IntID=111 | IntReq=1
Time=60000 | Int=01000010 | IntAck=0 | IntID=110 | IntReq=1
Time=70000 | Int=01000010 | IntAck=1 | IntID=000 | IntReq=0
Time=80000 | Int=01000010 | IntAck=0 | IntID=110 | IntReq=1
Time=90000 | Int=00000000 | IntAck=0 | IntID=000 | IntReq=0
$finish called at time : 110 ns : File "/home_cds/std012/SoC_design_2026_1/SoC_Design_2026_1/Source_code/session4/2_encoder/tb_interrupt_controller.v" Line 41
current_wave_config {Untitled 1}
Untitled 1
add_wave {{/tb_interrupt_controller}} 
current_wave_config {Untitled 1}
Untitled 1
add_wave {{/tb_interrupt_controller/Int}} {{/tb_interrupt_controller/IntAck}} {{/tb_interrupt_controller/IntID}} {{/tb_interrupt_controller/IntReq}} 
add_wave {{/tb_interrupt_controller/Int}} {{/tb_interrupt_controller/IntAck}} {{/tb_interrupt_controller/IntID}} {{/tb_interrupt_controller/IntReq}} 
close_sim
INFO: [Simtcl 6-16] Simulation closed
exit
INFO: [Common 17-206] Exiting xsim at Wed Apr  8 15:55:22 2026...
