Vivado Simulator v2024.2.0
Copyright 1986-2022 Xilinx, Inc. All Rights Reserved.
Copyright 2022-2024 Advanced Micro Devices, Inc. All Rights Reserved.
Running: /tools/Xilinx/Vivado/2024.2/bin/unwrapped/lnx64.o/xelab --incr --debug typical --relax --mt 8 --maxdelay -L xil_defaultlib -L simprims_ver -L secureip --snapshot tb_bcd_to_7seg_time_synth -transport_int_delays -pulse_r 0 -pulse_int_r 0 -pulse_e 0 -pulse_int_e 0 xil_defaultlib.tb_bcd_to_7seg xil_defaultlib.glbl -log elaborate.log 
Using 8 slave threads.
Starting static elaboration
Pass Through NonSizing Optimizer
Completed static elaboration
Starting simulation data flow analysis
Completed simulation data flow analysis
INFO: [XSIM 43-3451] SDF backannotation process started with SDF file "tb_bcd_to_7seg_time_synth.sdf", for root module "tb_bcd_to_7seg/uut".
INFO: [XSIM 43-3452] SDF backannotation was successful for SDF file "tb_bcd_to_7seg_time_synth.sdf", for root module "tb_bcd_to_7seg/uut".
Time Resolution for simulation is 1ps
Compiling module simprims_ver.IBUF
Compiling module simprims_ver.OBUF
Compiling module simprims_ver.LUT4
Compiling module xil_defaultlib.bcd_to_7seg
Compiling module xil_defaultlib.tb_bcd_to_7seg
Compiling module xil_defaultlib.glbl
Built simulation snapshot tb_bcd_to_7seg_time_synth
